0 info it worked if it ends with ok
1 verbose cli [ '/Users/huangziyi/.nvm/versions/node/v5.12.0/bin/node',
1 verbose cli   '/Users/huangziyi/.nvm/versions/node/v5.12.0/bin/npm',
1 verbose cli   'run',
1 verbose cli   'build' ]
2 info using npm@3.8.6
3 info using node@v5.12.0
4 verbose run-script [ 'prebuild', 'build', 'postbuild' ]
5 info lifecycle dynamic-react@2.0.7~prebuild: dynamic-react@2.0.7
6 silly lifecycle dynamic-react@2.0.7~prebuild: no script for prebuild, continuing
7 info lifecycle dynamic-react@2.0.7~build: dynamic-react@2.0.7
8 verbose lifecycle dynamic-react@2.0.7~build: unsafe-perm in lifecycle true
9 verbose lifecycle dynamic-react@2.0.7~build: PATH: /Users/huangziyi/.nvm/versions/node/v5.12.0/lib/node_modules/npm/bin/node-gyp-bin:/Users/huangziyi/workspace/dynamic-react/node_modules/.bin:/Users/huangziyi/.nvm/versions/node/v5.12.0/bin:/Users/huangziyi/workspace/dynamic-react/node_modules/.bin:/Users/huangziyi/.config/yarn/link/node_modules/.bin:/Users/huangziyi/workspace/dynamic-react/node_modules/.bin:/Users/huangziyi/.config/yarn/link/node_modules/.bin:/Users/huangziyi/.nvm/versions/node/v5.12.0/lib/node_modules/yarn/bin/node-gyp-bin:/Users/huangziyi/.nvm/versions/node/v5.12.0/bin:/usr/local/bin:/usr/bin:/bin:/usr/sbin:/sbin
10 verbose lifecycle dynamic-react@2.0.7~build: CWD: /Users/huangziyi/workspace/dynamic-react
11 silly lifecycle dynamic-react@2.0.7~build: Args: [ '-c', 'webpack --config built/scripts/webpack.config.js' ]
12 silly lifecycle dynamic-react@2.0.7~build: Returned: code: 1  signal: null
13 info lifecycle dynamic-react@2.0.7~build: Failed to exec build script
14 verbose stack Error: dynamic-react@2.0.7 build: `webpack --config built/scripts/webpack.config.js`
14 verbose stack Exit status 1
14 verbose stack     at EventEmitter.<anonymous> (/Users/huangziyi/.nvm/versions/node/v5.12.0/lib/node_modules/npm/lib/utils/lifecycle.js:239:16)
14 verbose stack     at emitTwo (events.js:100:13)
14 verbose stack     at EventEmitter.emit (events.js:185:7)
14 verbose stack     at ChildProcess.<anonymous> (/Users/huangziyi/.nvm/versions/node/v5.12.0/lib/node_modules/npm/lib/utils/spawn.js:24:14)
14 verbose stack     at emitTwo (events.js:100:13)
14 verbose stack     at ChildProcess.emit (events.js:185:7)
14 verbose stack     at maybeClose (internal/child_process.js:850:16)
14 verbose stack     at Process.ChildProcess._handle.onexit (internal/child_process.js:215:5)
15 verbose pkgid dynamic-react@2.0.7
16 verbose cwd /Users/huangziyi/workspace/dynamic-react
17 error Darwin 16.5.0
18 error argv "/Users/huangziyi/.nvm/versions/node/v5.12.0/bin/node" "/Users/huangziyi/.nvm/versions/node/v5.12.0/bin/npm" "run" "build"
19 error node v5.12.0
20 error npm  v3.8.6
21 error code ELIFECYCLE
22 error dynamic-react@2.0.7 build: `webpack --config built/scripts/webpack.config.js`
22 error Exit status 1
23 error Failed at the dynamic-react@2.0.7 build script 'webpack --config built/scripts/webpack.config.js'.
23 error Make sure you have the latest version of node.js and npm installed.
23 error If you do, this is most likely a problem with the dynamic-react package,
23 error not with npm itself.
23 error Tell the author that this fails on your system:
23 error     webpack --config built/scripts/webpack.config.js
23 error You can get information on how to open an issue for this project with:
23 error     npm bugs dynamic-react
23 error Or if that isn't available, you can get their info via:
23 error     npm owner ls dynamic-react
23 error There is likely additional logging output above.
24 verbose exit [ 1, true ]
